0 info it worked if it ends with ok
1 verbose cli [ '/usr/bin/nodejs', '/usr/local/bin/npm', 'run', 'sass-watch' ]
2 info using npm@3.10.9
3 info using node@v7.4.0
4 verbose run-script [ 'presass-watch', 'sass-watch', 'postsass-watch' ]
5 info lifecycle liam@1.0.0~presass-watch: liam@1.0.0
6 silly lifecycle liam@1.0.0~presass-watch: no script for presass-watch, continuing
7 info lifecycle liam@1.0.0~sass-watch: liam@1.0.0
8 verbose lifecycle liam@1.0.0~sass-watch: unsafe-perm in lifecycle true
9 verbose lifecycle liam@1.0.0~sass-watch: PATH: /usr/local/lib/node_modules/npm/bin/node-gyp-bin:/mnt/c/Users/Dustin/Documents/GitHub/liam/node_modules/.bin:/usr/local/bin:/usr/bin:/bin:/usr/local/games:/usr/games
10 verbose lifecycle liam@1.0.0~sass-watch: CWD: /mnt/c/Users/Dustin/Documents/GitHub/liam
11 silly lifecycle liam@1.0.0~sass-watch: Args: [ '-c',
11 silly lifecycle   'node-sass --watch ./src/ui/sass/main.scss ./dist/css/main.css' ]
12 silly lifecycle liam@1.0.0~sass-watch: Returned: code: 1  signal: null
13 info lifecycle liam@1.0.0~sass-watch: Failed to exec sass-watch script
14 verbose stack Error: liam@1.0.0 sass-watch: `node-sass --watch ./src/ui/sass/main.scss ./dist/css/main.css`
14 verbose stack Exit status 1
14 verbose stack     at EventEmitter.<anonymous> (/usr/local/lib/node_modules/npm/lib/utils/lifecycle.js:255:16)
14 verbose stack     at emitTwo (events.js:106:13)
14 verbose stack     at EventEmitter.emit (events.js:191:7)
14 verbose stack     at ChildProcess.<anonymous> (/usr/local/lib/node_modules/npm/lib/utils/spawn.js:40:14)
14 verbose stack     at emitTwo (events.js:106:13)
14 verbose stack     at ChildProcess.emit (events.js:191:7)
14 verbose stack     at maybeClose (internal/child_process.js:885:16)
14 verbose stack     at Process.ChildProcess._handle.onexit (internal/child_process.js:226:5)
15 verbose pkgid liam@1.0.0
16 verbose cwd /mnt/c/Users/Dustin/Documents/GitHub/liam
17 error Linux 4.4.0-43-Microsoft
18 error argv "/usr/bin/nodejs" "/usr/local/bin/npm" "run" "sass-watch"
19 error node v7.4.0
20 error npm  v3.10.9
21 error code ELIFECYCLE
22 error liam@1.0.0 sass-watch: `node-sass --watch ./src/ui/sass/main.scss ./dist/css/main.css`
22 error Exit status 1
23 error Failed at the liam@1.0.0 sass-watch script 'node-sass --watch ./src/ui/sass/main.scss ./dist/css/main.css'.
23 error Make sure you have the latest version of node.js and npm installed.
23 error If you do, this is most likely a problem with the liam package,
23 error not with npm itself.
23 error Tell the author that this fails on your system:
23 error     node-sass --watch ./src/ui/sass/main.scss ./dist/css/main.css
23 error You can get information on how to open an issue for this project with:
23 error     npm bugs liam
23 error Or if that isn't available, you can get their info via:
23 error     npm owner ls liam
23 error There is likely additional logging output above.
24 verbose exit [ 1, true ]
